<?xml version="1.0" encoding="UTF-8"?>
<coverage generated="1652462999231" clover="3.2.0">
  <project timestamp="1652462999232" name="All files">
    <metrics statements="128" coveredstatements="125" conditionals="31" coveredconditionals="31" methods="20" coveredmethods="17" elements="179" coveredelements="173" complexity="0" loc="128" ncloc="128" packages="1" files="1" classes="1"/>
    <file name="functions.js" path="C:\Users\User\Documents\stin_project\src\utils\functions.js">
      <metrics statements="128" coveredstatements="125" conditionals="31" coveredconditionals="31" methods="20" coveredmethods="17"/>
      <line num="1" count="1" type="stmt"/>
      <line num="2" count="1" type="stmt"/>
      <line num="3" count="1" type="stmt"/>
      <line num="5" count="1" type="stmt"/>
      <line num="6" count="1" type="stmt"/>
      <line num="9" count="7" type="stmt"/>
      <line num="10" count="7" type="stmt"/>
      <line num="11" count="7" type="stmt"/>
      <line num="12" count="7" type="cond" truecount="7" falsecount="0"/>
      <line num="14" count="1" type="stmt"/>
      <line num="15" count="1" type="stmt"/>
      <line num="16" count="1" type="stmt"/>
      <line num="17" count="1" type="stmt"/>
      <line num="19" count="1" type="stmt"/>
      <line num="20" count="1" type="stmt"/>
      <line num="21" count="1" type="stmt"/>
      <line num="22" count="1" type="stmt"/>
      <line num="24" count="1" type="stmt"/>
      <line num="25" count="1" type="stmt"/>
      <line num="26" count="1" type="stmt"/>
      <line num="28" count="1" type="stmt"/>
      <line num="29" count="1" type="stmt"/>
      <line num="30" count="1" type="stmt"/>
      <line num="31" count="1" type="stmt"/>
      <line num="32" count="1" type="stmt"/>
      <line num="33" count="1" type="stmt"/>
      <line num="35" count="1" type="stmt"/>
      <line num="36" count="1" type="stmt"/>
      <line num="37" count="1" type="stmt"/>
      <line num="38" count="1" type="stmt"/>
      <line num="40" count="1" type="stmt"/>
      <line num="41" count="1" type="stmt"/>
      <line num="42" count="1" type="stmt"/>
      <line num="43" count="1" type="stmt"/>
      <line num="45" count="1" type="stmt"/>
      <line num="47" count="7" type="stmt"/>
      <line num="52" count="1" type="stmt"/>
      <line num="53" count="1" type="stmt"/>
      <line num="54" count="1" type="stmt"/>
      <line num="56" count="0" type="stmt"/>
      <line num="57" count="0" type="stmt"/>
      <line num="58" count="0" type="stmt"/>
      <line num="61" count="1" type="stmt"/>
      <line num="65" count="3" type="stmt"/>
      <line num="66" count="3" type="stmt"/>
      <line num="70" count="3" type="stmt"/>
      <line num="71" count="3" type="stmt"/>
      <line num="72" count="3" type="cond" truecount="2" falsecount="0"/>
      <line num="73" count="1" type="stmt"/>
      <line num="75" count="2" type="stmt"/>
      <line num="76" count="2" type="stmt"/>
      <line num="77" count="2" type="cond" truecount="2" falsecount="0"/>
      <line num="78" count="1" type="stmt"/>
      <line num="81" count="1" type="stmt"/>
      <line num="88" count="5" type="cond" truecount="4" falsecount="0"/>
      <line num="89" count="2" type="stmt"/>
      <line num="91" count="3" type="stmt"/>
      <line num="95" count="4" type="stmt"/>
      <line num="96" count="4" type="stmt"/>
      <line num="97" count="4" type="stmt"/>
      <line num="98" count="4" type="stmt"/>
      <line num="99" count="4" type="stmt"/>
      <line num="100" count="4" type="stmt"/>
      <line num="101" count="4" type="stmt"/>
      <line num="102" count="4" type="stmt"/>
      <line num="103" count="4" type="cond" truecount="4" falsecount="0"/>
      <line num="104" count="2" type="stmt"/>
      <line num="105" count="2" type="stmt"/>
      <line num="107" count="2" type="stmt"/>
      <line num="109" count="4" type="stmt"/>
      <line num="110" count="4" type="stmt"/>
      <line num="111" count="4" type="stmt"/>
      <line num="115" count="6" type="stmt"/>
      <line num="116" count="6" type="stmt"/>
      <line num="117" count="18" type="stmt"/>
      <line num="119" count="6" type="stmt"/>
      <line num="123" count="6" type="stmt"/>
      <line num="127" count="6" type="stmt"/>
      <line num="131" count="12" type="stmt"/>
      <line num="132" count="12" type="cond" truecount="4" falsecount="0"/>
      <line num="133" count="7" type="stmt"/>
      <line num="135" count="5" type="stmt"/>
      <line num="141" count="6" type="stmt"/>
      <line num="142" count="6" type="cond" truecount="2" falsecount="0"/>
      <line num="143" count="6" type="cond" truecount="2" falsecount="0"/>
      <line num="144" count="6" type="stmt"/>
      <line num="145" count="6" type="stmt"/>
      <line num="146" count="6" type="stmt"/>
      <line num="150" count="2" type="stmt"/>
      <line num="151" count="2" type="stmt"/>
      <line num="152" count="2" type="stmt"/>
      <line num="153" count="2" type="stmt"/>
      <line num="154" count="2" type="stmt"/>
      <line num="158" count="7" type="stmt"/>
      <line num="159" count="7" type="stmt"/>
      <line num="160" count="7" type="stmt"/>
      <line num="162" count="3" type="stmt"/>
      <line num="164" count="4" type="stmt"/>
      <line num="165" count="4" type="stmt"/>
      <line num="166" count="128" type="cond" truecount="2" falsecount="0"/>
      <line num="167" count="2" type="stmt"/>
      <line num="170" count="4" type="stmt"/>
      <line num="171" count="4" type="stmt"/>
      <line num="175" count="1" type="stmt"/>
      <line num="176" count="1" type="stmt"/>
      <line num="177" count="1" type="stmt"/>
      <line num="181" count="4" type="stmt"/>
      <line num="182" count="4" type="stmt"/>
      <line num="183" count="4" type="stmt"/>
      <line num="187" count="5" type="stmt"/>
      <line num="188" count="5" type="stmt"/>
      <line num="189" count="5" type="stmt"/>
      <line num="190" count="5" type="stmt"/>
      <line num="191" count="22" type="stmt"/>
      <line num="192" count="22" type="cond" truecount="2" falsecount="0"/>
      <line num="193" count="17" type="stmt"/>
      <line num="195" count="5" type="stmt"/>
      <line num="196" count="5" type="stmt"/>
      <line num="197" count="5" type="stmt"/>
      <line num="201" count="7" type="stmt"/>
      <line num="202" count="7" type="stmt"/>
      <line num="203" count="7" type="stmt"/>
      <line num="204" count="7" type="stmt"/>
      <line num="205" count="7" type="stmt"/>
      <line num="206" count="129" type="stmt"/>
      <line num="207" count="129" type="stmt"/>
      <line num="209" count="7" type="stmt"/>
      <line num="212" count="1" type="stmt"/>
    </file>
  </project>
</coverage>
