{"C:\\Users\\User\\Documents\\stin_project\\src\\script.js": {"path":"C:\\Users\\User\\Documents\\stin_project\\src\\script.js","statementMap":{"0":{"start":{"line":1,"column":13},"end":{"line":1,"column":28}},"1":{"start":{"line":2,"column":14},"end":{"line":2,"column":30}},"2":{"start":{"line":3,"column":11},"end":{"line":3,"column":24}},"3":{"start":{"line":4,"column":16},"end":{"line":4,"column":34}},"4":{"start":{"line":5,"column":28},"end":{"line":5,"column":55}},"5":{"start":{"line":7,"column":16},"end":{"line":7,"column":39}},"6":{"start":{"line":9,"column":18},"end":{"line":9,"column":38}},"7":{"start":{"line":10,"column":12},"end":{"line":10,"column":21}},"8":{"start":{"line":12,"column":13},"end":{"line":12,"column":37}},"9":{"start":{"line":13,"column":28},"end":{"line":13,"column":61}},"10":{"start":{"line":15,"column":0},"end":{"line":17,"column":2}},"11":{"start":{"line":19,"column":0},"end":{"line":19,"column":44}},"12":{"start":{"line":20,"column":0},"end":{"line":20,"column":37}},"13":{"start":{"line":22,"column":18},"end":{"line":22,"column":24}},"14":{"start":{"line":23,"column":0},"end":{"line":33,"column":2}},"15":{"start":{"line":24,"column":17},"end":{"line":24,"column":19}},"16":{"start":{"line":26,"column":4},"end":{"line":26,"column":42}},"17":{"start":{"line":27,"column":27},"end":{"line":27,"column":63}},"18":{"start":{"line":28,"column":4},"end":{"line":28,"column":33}},"19":{"start":{"line":29,"column":4},"end":{"line":31,"column":6}},"20":{"start":{"line":32,"column":4},"end":{"line":32,"column":24}},"21":{"start":{"line":35,"column":10},"end":{"line":37,"column":2}},"22":{"start":{"line":36,"column":4},"end":{"line":36,"column":19}},"23":{"start":{"line":38,"column":0},"end":{"line":38,"column":11}},"24":{"start":{"line":42,"column":26},"end":{"line":42,"column":46}},"25":{"start":{"line":43,"column":26},"end":{"line":43,"column":29}},"26":{"start":{"line":44,"column":4},"end":{"line":44,"column":56}},"27":{"start":{"line":45,"column":4},"end":{"line":71,"column":5}},"28":{"start":{"line":47,"column":12},"end":{"line":47,"column":49}},"29":{"start":{"line":48,"column":12},"end":{"line":48,"column":69}},"30":{"start":{"line":49,"column":12},"end":{"line":49,"column":18}},"31":{"start":{"line":51,"column":26},"end":{"line":51,"column":46}},"32":{"start":{"line":52,"column":12},"end":{"line":52,"column":34}},"33":{"start":{"line":53,"column":12},"end":{"line":53,"column":32}},"34":{"start":{"line":54,"column":12},"end":{"line":54,"column":18}},"35":{"start":{"line":56,"column":12},"end":{"line":56,"column":116}},"36":{"start":{"line":57,"column":12},"end":{"line":57,"column":18}},"37":{"start":{"line":59,"column":23},"end":{"line":59,"column":79}},"38":{"start":{"line":60,"column":12},"end":{"line":60,"column":29}},"39":{"start":{"line":61,"column":29},"end":{"line":61,"column":48}},"40":{"start":{"line":62,"column":12},"end":{"line":62,"column":87}},"41":{"start":{"line":63,"column":12},"end":{"line":63,"column":18}},"42":{"start":{"line":65,"column":23},"end":{"line":65,"column":79}},"43":{"start":{"line":66,"column":12},"end":{"line":66,"column":34}},"44":{"start":{"line":67,"column":12},"end":{"line":67,"column":33}},"45":{"start":{"line":68,"column":12},"end":{"line":68,"column":18}},"46":{"start":{"line":70,"column":12},"end":{"line":70,"column":45}},"47":{"start":{"line":72,"column":4},"end":{"line":72,"column":26}},"48":{"start":{"line":76,"column":4},"end":{"line":76,"column":17}},"49":{"start":{"line":77,"column":20},"end":{"line":77,"column":77}},"50":{"start":{"line":78,"column":19},"end":{"line":78,"column":75}},"51":{"start":{"line":79,"column":19},"end":{"line":79,"column":49}},"52":{"start":{"line":80,"column":21},"end":{"line":80,"column":51}},"53":{"start":{"line":81,"column":4},"end":{"line":83,"column":5}},"54":{"start":{"line":82,"column":8},"end":{"line":82,"column":77}},"55":{"start":{"line":87,"column":17},"end":{"line":87,"column":65}},"56":{"start":{"line":88,"column":4},"end":{"line":88,"column":137}},"57":{"start":{"line":89,"column":20},"end":{"line":95,"column":10}},"58":{"start":{"line":91,"column":12},"end":{"line":91,"column":31}},"59":{"start":{"line":92,"column":12},"end":{"line":94,"column":14}},"60":{"start":{"line":93,"column":16},"end":{"line":93,"column":28}},"61":{"start":{"line":96,"column":8},"end":{"line":96,"column":19}},"62":{"start":{"line":100,"column":12},"end":{"line":100,"column":22}},"63":{"start":{"line":101,"column":15},"end":{"line":101,"column":30}},"64":{"start":{"line":102,"column":16},"end":{"line":102,"column":32}},"65":{"start":{"line":103,"column":14},"end":{"line":103,"column":25}},"66":{"start":{"line":104,"column":20},"end":{"line":104,"column":29}},"67":{"start":{"line":105,"column":4},"end":{"line":105,"column":78}},"68":{"start":{"line":106,"column":4},"end":{"line":106,"column":85}},"69":{"start":{"line":107,"column":4},"end":{"line":107,"column":32}},"70":{"start":{"line":108,"column":4},"end":{"line":108,"column":26}},"71":{"start":{"line":109,"column":4},"end":{"line":109,"column":20}},"72":{"start":{"line":113,"column":19},"end":{"line":113,"column":30}},"73":{"start":{"line":114,"column":19},"end":{"line":119,"column":6}},"74":{"start":{"line":115,"column":8},"end":{"line":118,"column":9}},"75":{"start":{"line":116,"column":12},"end":{"line":116,"column":30}},"76":{"start":{"line":117,"column":12},"end":{"line":117,"column":18}},"77":{"start":{"line":120,"column":21},"end":{"line":120,"column":44}},"78":{"start":{"line":121,"column":4},"end":{"line":125,"column":5}},"79":{"start":{"line":122,"column":8},"end":{"line":124,"column":9}},"80":{"start":{"line":123,"column":12},"end":{"line":123,"column":59}},"81":{"start":{"line":126,"column":4},"end":{"line":126,"column":25}},"82":{"start":{"line":127,"column":4},"end":{"line":127,"column":19}},"83":{"start":{"line":131,"column":24},"end":{"line":131,"column":72}},"84":{"start":{"line":132,"column":4},"end":{"line":132,"column":54}},"85":{"start":{"line":133,"column":4},"end":{"line":133,"column":24}},"86":{"start":{"line":137,"column":19},"end":{"line":137,"column":56}},"87":{"start":{"line":138,"column":4},"end":{"line":138,"column":25}},"88":{"start":{"line":139,"column":4},"end":{"line":139,"column":19}},"89":{"start":{"line":143,"column":4},"end":{"line":143,"column":25}},"90":{"start":{"line":144,"column":23},"end":{"line":144,"column":25}},"91":{"start":{"line":145,"column":24},"end":{"line":145,"column":57}},"92":{"start":{"line":146,"column":4},"end":{"line":150,"column":5}},"93":{"start":{"line":147,"column":23},"end":{"line":147,"column":50}},"94":{"start":{"line":148,"column":8},"end":{"line":149,"column":39}},"95":{"start":{"line":149,"column":12},"end":{"line":149,"column":39}},"96":{"start":{"line":151,"column":4},"end":{"line":151,"column":31}},"97":{"start":{"line":152,"column":4},"end":{"line":152,"column":29}},"98":{"start":{"line":153,"column":4},"end":{"line":153,"column":23}},"99":{"start":{"line":157,"column":15},"end":{"line":157,"column":17}},"100":{"start":{"line":158,"column":20},"end":{"line":158,"column":22}},"101":{"start":{"line":159,"column":23},"end":{"line":159,"column":39}},"102":{"start":{"line":160,"column":4},"end":{"line":160,"column":42}},"103":{"start":{"line":161,"column":4},"end":{"line":164,"column":5}},"104":{"start":{"line":162,"column":23},"end":{"line":162,"column":49}},"105":{"start":{"line":163,"column":8},"end":{"line":163,"column":32}},"106":{"start":{"line":165,"column":4},"end":{"line":165,"column":28}},"107":{"start":{"line":168,"column":0},"end":{"line":170,"column":1}}},"fnMap":{"0":{"name":"(anonymous_0)","decl":{"start":{"line":15,"column":17},"end":{"line":15,"column":18}},"loc":{"start":{"line":15,"column":23},"end":{"line":17,"column":1}},"line":15},"1":{"name":"(anonymous_1)","decl":{"start":{"line":23,"column":14},"end":{"line":23,"column":15}},"loc":{"start":{"line":23,"column":28},"end":{"line":33,"column":1}},"line":23},"2":{"name":"(anonymous_2)","decl":{"start":{"line":35,"column":45},"end":{"line":35,"column":46}},"loc":{"start":{"line":35,"column":55},"end":{"line":37,"column":1}},"line":35},"3":{"name":"processMessage","decl":{"start":{"line":41,"column":9},"end":{"line":41,"column":23}},"loc":{"start":{"line":41,"column":28},"end":{"line":73,"column":1}},"line":41},"4":{"name":"controlCourse","decl":{"start":{"line":75,"column":9},"end":{"line":75,"column":22}},"loc":{"start":{"line":75,"column":24},"end":{"line":84,"column":1}},"line":75},"5":{"name":"dowloadFile","decl":{"start":{"line":86,"column":9},"end":{"line":86,"column":20}},"loc":{"start":{"line":86,"column":22},"end":{"line":97,"column":1}},"line":86},"6":{"name":"(anonymous_6)","decl":{"start":{"line":90,"column":8},"end":{"line":90,"column":9}},"loc":{"start":{"line":90,"column":26},"end":{"line":95,"column":9}},"line":90},"7":{"name":"(anonymous_7)","decl":{"start":{"line":92,"column":30},"end":{"line":92,"column":31}},"loc":{"start":{"line":92,"column":36},"end":{"line":94,"column":13}},"line":92},"8":{"name":"getURL","decl":{"start":{"line":99,"column":9},"end":{"line":99,"column":15}},"loc":{"start":{"line":99,"column":26},"end":{"line":110,"column":1}},"line":99},"9":{"name":"readFromDownloadedFile","decl":{"start":{"line":112,"column":9},"end":{"line":112,"column":31}},"loc":{"start":{"line":112,"column":48},"end":{"line":128,"column":1}},"line":112},"10":{"name":"(anonymous_10)","decl":{"start":{"line":114,"column":54},"end":{"line":114,"column":55}},"loc":{"start":{"line":114,"column":69},"end":{"line":119,"column":5}},"line":114},"11":{"name":"writeToFile","decl":{"start":{"line":130,"column":9},"end":{"line":130,"column":20}},"loc":{"start":{"line":130,"column":32},"end":{"line":134,"column":1}},"line":130},"12":{"name":"readFromHistFile","decl":{"start":{"line":136,"column":9},"end":{"line":136,"column":25}},"loc":{"start":{"line":136,"column":38},"end":{"line":140,"column":1}},"line":136},"13":{"name":"parseHistFileData","decl":{"start":{"line":142,"column":9},"end":{"line":142,"column":26}},"loc":{"start":{"line":142,"column":36},"end":{"line":154,"column":1}},"line":142},"14":{"name":"parseFileData","decl":{"start":{"line":156,"column":9},"end":{"line":156,"column":22}},"loc":{"start":{"line":156,"column":28},"end":{"line":166,"column":1}},"line":156}},"branchMap":{"0":{"loc":{"start":{"line":12,"column":13},"end":{"line":12,"column":37}},"type":"binary-expr","locations":[{"start":{"line":12,"column":13},"end":{"line":12,"column":29}},{"start":{"line":12,"column":33},"end":{"line":12,"column":37}}],"line":12},"1":{"loc":{"start":{"line":45,"column":4},"end":{"line":71,"column":5}},"type":"switch","locations":[{"start":{"line":46,"column":8},"end":{"line":49,"column":18}},{"start":{"line":50,"column":8},"end":{"line":54,"column":18}},{"start":{"line":55,"column":8},"end":{"line":57,"column":18}},{"start":{"line":58,"column":8},"end":{"line":63,"column":18}},{"start":{"line":64,"column":8},"end":{"line":68,"column":18}},{"start":{"line":69,"column":8},"end":{"line":70,"column":45}}],"line":45},"2":{"loc":{"start":{"line":81,"column":4},"end":{"line":83,"column":5}},"type":"if","locations":[{"start":{"line":81,"column":4},"end":{"line":83,"column":5}},{"start":{},"end":{}}],"line":81},"3":{"loc":{"start":{"line":81,"column":7},"end":{"line":81,"column":61}},"type":"binary-expr","locations":[{"start":{"line":81,"column":7},"end":{"line":81,"column":31}},{"start":{"line":81,"column":35},"end":{"line":81,"column":61}}],"line":81},"4":{"loc":{"start":{"line":105,"column":17},"end":{"line":105,"column":78}},"type":"cond-expr","locations":[{"start":{"line":105,"column":30},"end":{"line":105,"column":56}},{"start":{"line":105,"column":58},"end":{"line":105,"column":78}}],"line":105},"5":{"loc":{"start":{"line":106,"column":17},"end":{"line":106,"column":85}},"type":"cond-expr","locations":[{"start":{"line":106,"column":32},"end":{"line":106,"column":60}},{"start":{"line":106,"column":63},"end":{"line":106,"column":85}}],"line":106},"6":{"loc":{"start":{"line":115,"column":8},"end":{"line":118,"column":9}},"type":"if","locations":[{"start":{"line":115,"column":8},"end":{"line":118,"column":9}},{"start":{},"end":{}}],"line":115},"7":{"loc":{"start":{"line":122,"column":8},"end":{"line":124,"column":9}},"type":"if","locations":[{"start":{"line":122,"column":8},"end":{"line":124,"column":9}},{"start":{},"end":{}}],"line":122},"8":{"loc":{"start":{"line":148,"column":8},"end":{"line":149,"column":39}},"type":"if","locations":[{"start":{"line":148,"column":8},"end":{"line":149,"column":39}},{"start":{},"end":{}}],"line":148}},"s":{"0":1,"1":1,"2":1,"3":1,"4":1,"5":1,"6":1,"7":1,"8":1,"9":1,"10":1,"11":1,"12":1,"13":1,"14":1,"15":0,"16":0,"17":0,"18":0,"19":0,"20":0,"21":1,"22":0,"23":1,"24":6,"25":6,"26":6,"27":6,"28":1,"29":1,"30":1,"31":1,"32":1,"33":1,"34":1,"35":1,"36":1,"37":1,"38":1,"39":1,"40":1,"41":1,"42":1,"43":1,"44":1,"45":1,"46":1,"47":6,"48":0,"49":0,"50":0,"51":0,"52":0,"53":0,"54":0,"55":1,"56":1,"57":1,"58":0,"59":0,"60":0,"61":1,"62":1,"63":1,"64":1,"65":1,"66":1,"67":1,"68":1,"69":1,"70":1,"71":1,"72":4,"73":4,"74":0,"75":0,"76":0,"77":4,"78":4,"79":128,"80":2,"81":4,"82":4,"83":1,"84":1,"85":1,"86":3,"87":3,"88":3,"89":4,"90":4,"91":4,"92":4,"93":10,"94":10,"95":6,"96":4,"97":4,"98":4,"99":7,"100":7,"101":7,"102":7,"103":7,"104":129,"105":129,"106":7,"107":1},"f":{"0":0,"1":0,"2":0,"3":6,"4":0,"5":1,"6":0,"7":0,"8":1,"9":4,"10":0,"11":1,"12":3,"13":4,"14":7},"b":{"0":[1,1],"1":[1,1,1,1,1,1],"2":[0,0],"3":[0,0],"4":[0,1],"5":[1,0],"6":[0,0],"7":[2,126],"8":[6,4]},"_coverageSchema":"1a1c01bbd47fc00a2c39e90264f33305004495a9","hash":"031e52d856d48328e25de5346a23ccb8d002f753"}
,"C:\\Users\\User\\Documents\\stin_project\\src\\utils\\messages.js": {"path":"C:\\Users\\User\\Documents\\stin_project\\src\\utils\\messages.js","statementMap":{"0":{"start":{"line":1,"column":24},"end":{"line":7,"column":1}},"1":{"start":{"line":2,"column":4},"end":{"line":6,"column":5}},"2":{"start":{"line":9,"column":0},"end":{"line":11,"column":1}}},"fnMap":{"0":{"name":"(anonymous_0)","decl":{"start":{"line":1,"column":24},"end":{"line":1,"column":25}},"loc":{"start":{"line":1,"column":47},"end":{"line":7,"column":1}},"line":1}},"branchMap":{},"s":{"0":1,"1":0,"2":1},"f":{"0":0},"b":{},"_coverageSchema":"1a1c01bbd47fc00a2c39e90264f33305004495a9","hash":"3e58ee4f6f62180ab5968ceba9ad641137d12917"}
}
