{"C:\\Users\\User\\Documents\\stin_project\\src\\utils\\functions.js": {"path":"C:\\Users\\User\\Documents\\stin_project\\src\\utils\\functions.js","statementMap":{"0":{"start":{"line":1,"column":13},"end":{"line":1,"column":28}},"1":{"start":{"line":2,"column":14},"end":{"line":2,"column":30}},"2":{"start":{"line":3,"column":11},"end":{"line":3,"column":24}},"3":{"start":{"line":4,"column":16},"end":{"line":4,"column":34}},"4":{"start":{"line":6,"column":18},"end":{"line":6,"column":38}},"5":{"start":{"line":7,"column":18},"end":{"line":7,"column":24}},"6":{"start":{"line":10,"column":26},"end":{"line":10,"column":46}},"7":{"start":{"line":11,"column":26},"end":{"line":11,"column":29}},"8":{"start":{"line":12,"column":4},"end":{"line":12,"column":56}},"9":{"start":{"line":13,"column":4},"end":{"line":42,"column":5}},"10":{"start":{"line":15,"column":12},"end":{"line":15,"column":49}},"11":{"start":{"line":16,"column":12},"end":{"line":16,"column":69}},"12":{"start":{"line":17,"column":12},"end":{"line":17,"column":32}},"13":{"start":{"line":18,"column":12},"end":{"line":18,"column":18}},"14":{"start":{"line":20,"column":26},"end":{"line":20,"column":46}},"15":{"start":{"line":21,"column":12},"end":{"line":21,"column":34}},"16":{"start":{"line":22,"column":12},"end":{"line":22,"column":32}},"17":{"start":{"line":23,"column":12},"end":{"line":23,"column":18}},"18":{"start":{"line":25,"column":12},"end":{"line":25,"column":116}},"19":{"start":{"line":26,"column":12},"end":{"line":26,"column":32}},"20":{"start":{"line":27,"column":12},"end":{"line":27,"column":18}},"21":{"start":{"line":29,"column":23},"end":{"line":29,"column":79}},"22":{"start":{"line":30,"column":12},"end":{"line":30,"column":29}},"23":{"start":{"line":31,"column":29},"end":{"line":31,"column":48}},"24":{"start":{"line":32,"column":12},"end":{"line":32,"column":87}},"25":{"start":{"line":33,"column":12},"end":{"line":33,"column":32}},"26":{"start":{"line":34,"column":12},"end":{"line":34,"column":18}},"27":{"start":{"line":36,"column":23},"end":{"line":36,"column":79}},"28":{"start":{"line":37,"column":12},"end":{"line":37,"column":34}},"29":{"start":{"line":38,"column":12},"end":{"line":38,"column":33}},"30":{"start":{"line":39,"column":12},"end":{"line":39,"column":18}},"31":{"start":{"line":41,"column":12},"end":{"line":41,"column":45}},"32":{"start":{"line":43,"column":4},"end":{"line":43,"column":41}},"33":{"start":{"line":47,"column":4},"end":{"line":47,"column":17}},"34":{"start":{"line":48,"column":20},"end":{"line":48,"column":77}},"35":{"start":{"line":49,"column":19},"end":{"line":49,"column":75}},"36":{"start":{"line":50,"column":19},"end":{"line":50,"column":49}},"37":{"start":{"line":51,"column":21},"end":{"line":51,"column":51}},"38":{"start":{"line":52,"column":4},"end":{"line":54,"column":5}},"39":{"start":{"line":53,"column":8},"end":{"line":53,"column":77}},"40":{"start":{"line":55,"column":4},"end":{"line":55,"column":15}},"41":{"start":{"line":59,"column":17},"end":{"line":59,"column":65}},"42":{"start":{"line":60,"column":4},"end":{"line":60,"column":137}},"43":{"start":{"line":61,"column":20},"end":{"line":67,"column":10}},"44":{"start":{"line":63,"column":12},"end":{"line":63,"column":31}},"45":{"start":{"line":64,"column":12},"end":{"line":66,"column":14}},"46":{"start":{"line":65,"column":16},"end":{"line":65,"column":28}},"47":{"start":{"line":68,"column":8},"end":{"line":68,"column":19}},"48":{"start":{"line":72,"column":12},"end":{"line":72,"column":22}},"49":{"start":{"line":73,"column":15},"end":{"line":73,"column":30}},"50":{"start":{"line":74,"column":16},"end":{"line":74,"column":32}},"51":{"start":{"line":75,"column":14},"end":{"line":75,"column":25}},"52":{"start":{"line":76,"column":20},"end":{"line":76,"column":29}},"53":{"start":{"line":77,"column":4},"end":{"line":77,"column":78}},"54":{"start":{"line":78,"column":4},"end":{"line":78,"column":85}},"55":{"start":{"line":79,"column":4},"end":{"line":79,"column":32}},"56":{"start":{"line":80,"column":4},"end":{"line":80,"column":26}},"57":{"start":{"line":81,"column":4},"end":{"line":81,"column":20}},"58":{"start":{"line":85,"column":19},"end":{"line":85,"column":30}},"59":{"start":{"line":86,"column":19},"end":{"line":89,"column":6}},"60":{"start":{"line":87,"column":8},"end":{"line":88,"column":43}},"61":{"start":{"line":88,"column":12},"end":{"line":88,"column":31}},"62":{"start":{"line":88,"column":32},"end":{"line":88,"column":42}},"63":{"start":{"line":90,"column":21},"end":{"line":90,"column":44}},"64":{"start":{"line":91,"column":4},"end":{"line":95,"column":5}},"65":{"start":{"line":92,"column":8},"end":{"line":94,"column":9}},"66":{"start":{"line":93,"column":12},"end":{"line":93,"column":59}},"67":{"start":{"line":96,"column":4},"end":{"line":96,"column":25}},"68":{"start":{"line":97,"column":4},"end":{"line":97,"column":19}},"69":{"start":{"line":101,"column":24},"end":{"line":101,"column":72}},"70":{"start":{"line":102,"column":4},"end":{"line":102,"column":54}},"71":{"start":{"line":103,"column":4},"end":{"line":103,"column":24}},"72":{"start":{"line":107,"column":19},"end":{"line":107,"column":56}},"73":{"start":{"line":108,"column":4},"end":{"line":108,"column":25}},"74":{"start":{"line":109,"column":4},"end":{"line":109,"column":19}},"75":{"start":{"line":113,"column":4},"end":{"line":113,"column":25}},"76":{"start":{"line":114,"column":23},"end":{"line":114,"column":25}},"77":{"start":{"line":115,"column":24},"end":{"line":115,"column":57}},"78":{"start":{"line":116,"column":4},"end":{"line":120,"column":5}},"79":{"start":{"line":117,"column":23},"end":{"line":117,"column":50}},"80":{"start":{"line":118,"column":8},"end":{"line":119,"column":39}},"81":{"start":{"line":119,"column":12},"end":{"line":119,"column":39}},"82":{"start":{"line":121,"column":4},"end":{"line":121,"column":31}},"83":{"start":{"line":122,"column":4},"end":{"line":122,"column":29}},"84":{"start":{"line":123,"column":4},"end":{"line":123,"column":23}},"85":{"start":{"line":127,"column":15},"end":{"line":127,"column":17}},"86":{"start":{"line":128,"column":20},"end":{"line":128,"column":22}},"87":{"start":{"line":129,"column":23},"end":{"line":129,"column":39}},"88":{"start":{"line":130,"column":4},"end":{"line":130,"column":42}},"89":{"start":{"line":131,"column":4},"end":{"line":134,"column":5}},"90":{"start":{"line":132,"column":23},"end":{"line":132,"column":49}},"91":{"start":{"line":133,"column":8},"end":{"line":133,"column":32}},"92":{"start":{"line":135,"column":4},"end":{"line":135,"column":28}},"93":{"start":{"line":138,"column":0},"end":{"line":140,"column":1}}},"fnMap":{"0":{"name":"processMessage","decl":{"start":{"line":9,"column":9},"end":{"line":9,"column":23}},"loc":{"start":{"line":9,"column":28},"end":{"line":44,"column":1}},"line":9},"1":{"name":"controlCourse","decl":{"start":{"line":46,"column":9},"end":{"line":46,"column":22}},"loc":{"start":{"line":46,"column":24},"end":{"line":56,"column":1}},"line":46},"2":{"name":"dowloadFile","decl":{"start":{"line":58,"column":9},"end":{"line":58,"column":20}},"loc":{"start":{"line":58,"column":22},"end":{"line":69,"column":1}},"line":58},"3":{"name":"(anonymous_3)","decl":{"start":{"line":62,"column":8},"end":{"line":62,"column":9}},"loc":{"start":{"line":62,"column":26},"end":{"line":67,"column":9}},"line":62},"4":{"name":"(anonymous_4)","decl":{"start":{"line":64,"column":30},"end":{"line":64,"column":31}},"loc":{"start":{"line":64,"column":36},"end":{"line":66,"column":13}},"line":64},"5":{"name":"getURL","decl":{"start":{"line":71,"column":9},"end":{"line":71,"column":15}},"loc":{"start":{"line":71,"column":26},"end":{"line":82,"column":1}},"line":71},"6":{"name":"readFromDownloadedFile","decl":{"start":{"line":84,"column":9},"end":{"line":84,"column":31}},"loc":{"start":{"line":84,"column":48},"end":{"line":98,"column":1}},"line":84},"7":{"name":"(anonymous_7)","decl":{"start":{"line":86,"column":54},"end":{"line":86,"column":55}},"loc":{"start":{"line":86,"column":69},"end":{"line":89,"column":5}},"line":86},"8":{"name":"writeToFile","decl":{"start":{"line":100,"column":9},"end":{"line":100,"column":20}},"loc":{"start":{"line":100,"column":32},"end":{"line":104,"column":1}},"line":100},"9":{"name":"readFromHistFile","decl":{"start":{"line":106,"column":9},"end":{"line":106,"column":25}},"loc":{"start":{"line":106,"column":38},"end":{"line":110,"column":1}},"line":106},"10":{"name":"parseHistFileData","decl":{"start":{"line":112,"column":9},"end":{"line":112,"column":26}},"loc":{"start":{"line":112,"column":36},"end":{"line":124,"column":1}},"line":112},"11":{"name":"parseFileData","decl":{"start":{"line":126,"column":9},"end":{"line":126,"column":22}},"loc":{"start":{"line":126,"column":28},"end":{"line":136,"column":1}},"line":126}},"branchMap":{"0":{"loc":{"start":{"line":13,"column":4},"end":{"line":42,"column":5}},"type":"switch","locations":[{"start":{"line":14,"column":8},"end":{"line":18,"column":18}},{"start":{"line":19,"column":8},"end":{"line":23,"column":18}},{"start":{"line":24,"column":8},"end":{"line":27,"column":18}},{"start":{"line":28,"column":8},"end":{"line":34,"column":18}},{"start":{"line":35,"column":8},"end":{"line":39,"column":18}},{"start":{"line":40,"column":8},"end":{"line":41,"column":45}}],"line":13},"1":{"loc":{"start":{"line":52,"column":4},"end":{"line":54,"column":5}},"type":"if","locations":[{"start":{"line":52,"column":4},"end":{"line":54,"column":5}},{"start":{},"end":{}}],"line":52},"2":{"loc":{"start":{"line":52,"column":7},"end":{"line":52,"column":61}},"type":"binary-expr","locations":[{"start":{"line":52,"column":7},"end":{"line":52,"column":31}},{"start":{"line":52,"column":35},"end":{"line":52,"column":61}}],"line":52},"3":{"loc":{"start":{"line":77,"column":17},"end":{"line":77,"column":78}},"type":"cond-expr","locations":[{"start":{"line":77,"column":30},"end":{"line":77,"column":56}},{"start":{"line":77,"column":58},"end":{"line":77,"column":78}}],"line":77},"4":{"loc":{"start":{"line":78,"column":17},"end":{"line":78,"column":85}},"type":"cond-expr","locations":[{"start":{"line":78,"column":32},"end":{"line":78,"column":60}},{"start":{"line":78,"column":63},"end":{"line":78,"column":85}}],"line":78},"5":{"loc":{"start":{"line":87,"column":8},"end":{"line":88,"column":43}},"type":"if","locations":[{"start":{"line":87,"column":8},"end":{"line":88,"column":43}},{"start":{},"end":{}}],"line":87},"6":{"loc":{"start":{"line":92,"column":8},"end":{"line":94,"column":9}},"type":"if","locations":[{"start":{"line":92,"column":8},"end":{"line":94,"column":9}},{"start":{},"end":{}}],"line":92},"7":{"loc":{"start":{"line":118,"column":8},"end":{"line":119,"column":39}},"type":"if","locations":[{"start":{"line":118,"column":8},"end":{"line":119,"column":39}},{"start":{},"end":{}}],"line":118}},"s":{"0":1,"1":1,"2":1,"3":1,"4":1,"5":1,"6":6,"7":6,"8":6,"9":6,"10":1,"11":1,"12":1,"13":1,"14":1,"15":1,"16":1,"17":1,"18":1,"19":1,"20":1,"21":1,"22":1,"23":1,"24":1,"25":1,"26":1,"27":1,"28":1,"29":1,"30":1,"31":1,"32":6,"33":1,"34":1,"35":1,"36":1,"37":1,"38":1,"39":0,"40":1,"41":2,"42":2,"43":2,"44":0,"45":0,"46":0,"47":2,"48":2,"49":2,"50":2,"51":2,"52":2,"53":2,"54":2,"55":2,"56":2,"57":2,"58":5,"59":5,"60":0,"61":0,"62":0,"63":5,"64":5,"65":160,"66":3,"67":5,"68":5,"69":1,"70":1,"71":1,"72":4,"73":4,"74":4,"75":5,"76":5,"77":5,"78":5,"79":19,"80":19,"81":14,"82":5,"83":5,"84":5,"85":8,"86":8,"87":8,"88":8,"89":8,"90":161,"91":161,"92":8,"93":1},"f":{"0":6,"1":1,"2":2,"3":0,"4":0,"5":2,"6":5,"7":0,"8":1,"9":4,"10":5,"11":8},"b":{"0":[1,1,1,1,1,1],"1":[0,1],"2":[1,0],"3":[0,2],"4":[2,0],"5":[0,0],"6":[3,157],"7":[14,5]},"_coverageSchema":"1a1c01bbd47fc00a2c39e90264f33305004495a9","hash":"bc2ad35db6caa168bb9a94ae28fbced558298266"}
}
