TN:
SF:src\utils\functions.js
FN:8,processMessage
FN:51,dowloadFile
FN:55,(anonymous_2)
FN:57,(anonymous_3)
FN:64,checkIfBuy
FN:87,isLowering
FN:94,isLessThanTenPercent
FN:114,sumArray
FN:116,(anonymous_8)
FN:122,average
FN:126,tenPercent
FN:130,returnDifference
FN:140,getURL
FN:149,createURL
FN:157,readFromDownloadedFile
FN:160,(anonymous_15)
FN:174,writeToFile
FN:180,readFromHistFile
FN:186,parseHistFileData
FN:200,parseFileData
FNF:20
FNH:17
FNDA:7,processMessage
FNDA:1,dowloadFile
FNDA:0,(anonymous_2)
FNDA:0,(anonymous_3)
FNDA:3,checkIfBuy
FNDA:5,isLowering
FNDA:4,isLessThanTenPercent
FNDA:6,sumArray
FNDA:18,(anonymous_8)
FNDA:6,average
FNDA:6,tenPercent
FNDA:12,returnDifference
FNDA:6,getURL
FNDA:2,createURL
FNDA:7,readFromDownloadedFile
FNDA:0,(anonymous_15)
FNDA:1,writeToFile
FNDA:4,readFromHistFile
FNDA:5,parseHistFileData
FNDA:7,parseFileData
DA:1,1
DA:2,1
DA:3,1
DA:5,1
DA:6,1
DA:9,7
DA:10,7
DA:11,7
DA:12,7
DA:14,1
DA:15,1
DA:16,1
DA:17,1
DA:19,1
DA:20,1
DA:21,1
DA:22,1
DA:24,1
DA:25,1
DA:26,1
DA:28,1
DA:29,1
DA:30,1
DA:31,1
DA:32,1
DA:33,1
DA:35,1
DA:36,1
DA:37,1
DA:38,1
DA:40,1
DA:41,1
DA:42,1
DA:43,1
DA:45,1
DA:47,7
DA:52,1
DA:53,1
DA:54,1
DA:56,0
DA:57,0
DA:58,0
DA:61,1
DA:65,3
DA:66,3
DA:70,3
DA:71,3
DA:72,3
DA:73,1
DA:75,2
DA:76,2
DA:77,2
DA:78,1
DA:81,1
DA:88,5
DA:89,2
DA:91,3
DA:95,4
DA:96,4
DA:97,4
DA:98,4
DA:99,4
DA:100,4
DA:101,4
DA:102,4
DA:103,4
DA:104,2
DA:105,2
DA:107,2
DA:109,4
DA:110,4
DA:111,4
DA:115,6
DA:116,6
DA:117,18
DA:119,6
DA:123,6
DA:127,6
DA:131,12
DA:132,12
DA:133,7
DA:135,5
DA:141,6
DA:142,6
DA:143,6
DA:144,6
DA:145,6
DA:146,6
DA:150,2
DA:151,2
DA:152,2
DA:153,2
DA:154,2
DA:158,7
DA:159,7
DA:160,7
DA:162,3
DA:164,4
DA:165,4
DA:166,128
DA:167,2
DA:170,4
DA:171,4
DA:175,1
DA:176,1
DA:177,1
DA:181,4
DA:182,4
DA:183,4
DA:187,5
DA:188,5
DA:189,5
DA:190,5
DA:191,22
DA:192,22
DA:193,17
DA:195,5
DA:196,5
DA:197,5
DA:201,7
DA:202,7
DA:203,7
DA:204,7
DA:205,7
DA:206,129
DA:207,129
DA:209,7
DA:212,1
LF:128
LH:125
BRDA:12,0,0,1
BRDA:12,0,1,1
BRDA:12,0,2,1
BRDA:12,0,3,1
BRDA:12,0,4,1
BRDA:12,0,5,1
BRDA:12,0,6,1
BRDA:72,1,0,1
BRDA:72,1,1,2
BRDA:77,2,0,1
BRDA:77,2,1,1
BRDA:88,3,0,2
BRDA:88,3,1,3
BRDA:88,4,0,5
BRDA:88,4,1,3
BRDA:103,5,0,2
BRDA:103,5,1,2
BRDA:103,6,0,4
BRDA:103,6,1,3
BRDA:132,7,0,7
BRDA:132,7,1,5
BRDA:132,8,0,12
BRDA:132,8,1,9
BRDA:142,9,0,2
BRDA:142,9,1,4
BRDA:143,10,0,4
BRDA:143,10,1,2
BRDA:166,11,0,2
BRDA:166,11,1,126
BRDA:192,12,0,17
BRDA:192,12,1,5
BRF:31
BRH:31
end_of_record
