TN:
SF:src\utils\functions.js
FN:9,processMessage
FN:48,dowloadFile
FN:52,(anonymous_2)
FN:54,(anonymous_3)
FN:61,getURL
FN:74,readFromDownloadedFile
FN:77,(anonymous_6)
FN:91,writeToFile
FN:97,readFromHistFile
FN:103,parseHistFileData
FN:117,parseFileData
FNF:11
FNH:8
FNDA:6,processMessage
FNDA:1,dowloadFile
FNDA:0,(anonymous_2)
FNDA:0,(anonymous_3)
FNDA:1,getURL
FNDA:7,readFromDownloadedFile
FNDA:0,(anonymous_6)
FNDA:1,writeToFile
FNDA:3,readFromHistFile
FNDA:4,parseHistFileData
FNDA:7,parseFileData
DA:1,1
DA:2,1
DA:3,1
DA:4,1
DA:6,1
DA:7,1
DA:10,6
DA:11,6
DA:12,6
DA:13,6
DA:15,1
DA:16,1
DA:17,1
DA:18,1
DA:20,1
DA:21,1
DA:22,1
DA:23,1
DA:25,1
DA:26,1
DA:27,1
DA:29,1
DA:30,1
DA:31,1
DA:32,1
DA:33,1
DA:34,1
DA:36,1
DA:37,1
DA:38,1
DA:39,1
DA:41,1
DA:43,6
DA:49,1
DA:50,1
DA:51,1
DA:53,0
DA:54,0
DA:55,0
DA:58,1
DA:62,1
DA:63,1
DA:64,1
DA:65,1
DA:66,1
DA:67,1
DA:68,1
DA:69,1
DA:70,1
DA:71,1
DA:75,7
DA:76,7
DA:77,7
DA:79,3
DA:81,4
DA:82,4
DA:83,128
DA:84,2
DA:87,4
DA:88,4
DA:92,1
DA:93,1
DA:94,1
DA:98,3
DA:99,3
DA:100,3
DA:104,4
DA:105,4
DA:106,4
DA:107,4
DA:108,14
DA:109,14
DA:110,10
DA:112,4
DA:113,4
DA:114,4
DA:118,7
DA:119,7
DA:120,7
DA:121,7
DA:122,7
DA:123,129
DA:124,129
DA:126,7
DA:129,1
LF:85
LH:82
BRDA:13,0,0,1
BRDA:13,0,1,1
BRDA:13,0,2,1
BRDA:13,0,3,1
BRDA:13,0,4,1
BRDA:13,0,5,1
BRDA:67,1,0,0
BRDA:67,1,1,1
BRDA:68,2,0,1
BRDA:68,2,1,0
BRDA:83,3,0,2
BRDA:83,3,1,126
BRDA:109,4,0,10
BRDA:109,4,1,4
BRF:14
BRH:12
end_of_record
